2026-06-05 16:00:50,056 [ERROR] Dataset no encontrado.
2026-06-05 18:03:15,945 [INFO] Ensamble cargado desde modelos de Kaggle.
2026-06-05 18:03:15,945 [INFO] Iniciando inferencia sobre dataset histórico...
2026-06-05 18:03:15,946 [ERROR] Error en ciclo: [Errno 2] No such file or directory: 'game_logs.csv'
2026-06-05 18:53:42,501 [INFO] Ensamble cargado desde modelos de Kaggle.
2026-06-05 18:53:42,501 [INFO] Iniciando inferencia sobre dataset histórico...
2026-06-05 18:53:42,502 [ERROR] Error en ciclo: [Errno 2] No such file or directory: 'game_logs.csv'
2026-06-05 20:45:35,694 [INFO] Ensamble cargado desde modelos de Kaggle.
2026-06-05 20:45:35,694 [INFO] Iniciando inferencia sobre dataset histórico...
2026-06-05 20:45:35,694 [ERROR] Error en ciclo: [Errno 2] No such file or directory: 'game_logs.csv'
2026-06-05 20:55:06,119 [INFO] Ensamble cargado desde modelos de Kaggle.
2026-06-05 20:55:06,119 [INFO] Iniciando inferencia sobre dataset histórico...
2026-06-05 20:55:06,120 [ERROR] Error en ciclo: [Errno 2] No such file or directory: 'game_logs.csv'
2026-06-05 22:08:08,901 [INFO] Ensamble cargado desde modelos de Kaggle.
2026-06-05 22:08:08,901 [INFO] Iniciando inferencia sobre dataset histórico...
2026-06-05 22:08:08,902 [ERROR] Error en ciclo: [Errno 2] No such file or directory: 'game_logs.csv'
2026-06-05 22:21:33,398 [INFO] Ensamble cargado desde modelos de Kaggle.
2026-06-05 22:21:33,398 [INFO] Iniciando inferencia sobre dataset histórico...
2026-06-05 22:21:33,399 [ERROR] Error en ciclo: [Errno 2] No such file or directory: 'game_logs.csv'
2026-06-05 23:56:38,597 [INFO] Ensamble cargado desde modelos de Kaggle.
2026-06-05 23:56:38,598 [INFO] Iniciando inferencia sobre dataset histórico...
2026-06-05 23:56:38,598 [ERROR] Error en ciclo: [Errno 2] No such file or directory: 'game_logs.csv'
2026-06-06 00:15:57,408 [INFO] Ensamble cargado desde modelos de Kaggle.
2026-06-06 00:15:57,408 [INFO] Iniciando inferencia sobre dataset histórico...
2026-06-06 00:15:57,409 [ERROR] Error en ciclo: [Errno 2] No such file or directory: 'game_logs.csv'
2026-06-06 02:04:52,423 [INFO] Ensamble cargado desde modelos de Kaggle.
2026-06-06 02:04:52,423 [INFO] Iniciando inferencia sobre dataset histórico...
2026-06-06 02:04:52,424 [ERROR] Error en ciclo: [Errno 2] No such file or directory: 'game_logs.csv'
2026-06-06 05:00:27,214 [INFO] Ensamble cargado desde modelos de Kaggle.
2026-06-06 05:00:27,214 [INFO] Iniciando inferencia sobre dataset histórico...
2026-06-06 05:00:27,214 [ERROR] Error en ciclo: [Errno 2] No such file or directory: 'game_logs.csv'
2026-06-06 06:18:49,384 [INFO] Ensamble cargado desde modelos de Kaggle.
2026-06-06 06:18:49,384 [INFO] Iniciando inferencia sobre dataset histórico...
2026-06-06 06:18:49,385 [ERROR] Error en ciclo: [Errno 2] No such file or directory: 'game_logs.csv'
2026-06-06 07:54:48,723 [INFO] Ensamble cargado desde modelos de Kaggle.
2026-06-06 07:54:48,723 [INFO] Iniciando inferencia sobre dataset histórico...
2026-06-06 07:54:48,724 [ERROR] Error en ciclo: [Errno 2] No such file or directory: 'game_logs.csv'
2026-06-06 10:13:36,861 [INFO] Ensamble cargado desde modelos de Kaggle.
2026-06-06 10:13:36,861 [INFO] Iniciando inferencia sobre dataset histórico...
2026-06-06 10:13:36,861 [ERROR] Error en ciclo: [Errno 2] No such file or directory: 'game_logs.csv'
2026-06-06 12:12:02,353 [INFO] Ensamble cargado desde modelos de Kaggle.
2026-06-06 12:12:02,353 [INFO] Iniciando inferencia sobre dataset histórico...
2026-06-06 12:12:02,353 [ERROR] Error en ciclo: [Errno 2] No such file or directory: 'game_logs.csv'
2026-06-06 14:49:25,705 [INFO] Ensamble cargado desde modelos de Kaggle.
2026-06-06 14:49:25,706 [INFO] Iniciando inferencia sobre dataset histórico...
2026-06-06 14:49:25,706 [ERROR] Error en ciclo: [Errno 2] No such file or directory: 'game_logs.csv'
2026-06-06 16:14:20,010 [INFO] Ensamble cargado desde modelos de Kaggle.
2026-06-06 16:14:20,011 [INFO] Iniciando inferencia sobre dataset histórico...
2026-06-06 16:14:20,011 [ERROR] Error en ciclo: [Errno 2] No such file or directory: 'game_logs.csv'
2026-06-06 17:58:45,479 [INFO] Ensamble cargado desde modelos de Kaggle.
2026-06-06 17:58:45,479 [INFO] Iniciando inferencia sobre dataset histórico...
2026-06-06 17:58:45,480 [ERROR] Error en ciclo: [Errno 2] No such file or directory: 'game_logs.csv'
2026-06-06 18:14:54,574 [INFO] Ensamble cargado desde modelos de Kaggle.
2026-06-06 18:14:54,574 [INFO] Iniciando inferencia sobre dataset histórico...
2026-06-06 18:14:54,575 [ERROR] Error en ciclo: [Errno 2] No such file or directory: 'game_logs.csv'
2026-06-06 19:14:03,235 [INFO] Ensamble cargado desde modelos de Kaggle.
2026-06-06 19:14:03,235 [INFO] Iniciando inferencia sobre dataset histórico...
2026-06-06 19:14:03,235 [ERROR] Error en ciclo: [Errno 2] No such file or directory: 'game_logs.csv'
2026-06-06 20:16:56,999 [INFO] Ensamble cargado desde modelos de Kaggle.
2026-06-06 20:16:57,000 [INFO] Iniciando inferencia sobre dataset histórico...
2026-06-06 20:16:57,000 [ERROR] Error en ciclo: [Errno 2] No such file or directory: 'game_logs.csv'
2026-06-06 20:52:11,150 [INFO] Ensamble cargado desde modelos de Kaggle.
2026-06-06 20:52:11,150 [INFO] Iniciando inferencia sobre dataset histórico...
2026-06-06 20:52:11,151 [ERROR] Error en ciclo: [Errno 2] No such file or directory: 'game_logs.csv'
2026-06-06 21:53:16,426 [INFO] Ensamble cargado desde modelos de Kaggle.
2026-06-06 21:53:16,426 [INFO] Iniciando inferencia sobre dataset histórico...
2026-06-06 21:53:16,427 [ERROR] Error en ciclo: [Errno 2] No such file or directory: 'game_logs.csv'
2026-06-06 22:11:25,242 [INFO] Ensamble cargado desde modelos de Kaggle.
2026-06-06 22:11:25,242 [INFO] Iniciando inferencia sobre dataset histórico...
2026-06-06 22:11:25,243 [ERROR] Error en ciclo: [Errno 2] No such file or directory: 'game_logs.csv'
2026-06-06 22:51:52,747 [INFO] Ensamble cargado desde modelos de Kaggle.
2026-06-06 22:51:52,747 [INFO] Iniciando inferencia sobre dataset histórico...
2026-06-06 22:51:52,748 [ERROR] Error en ciclo: [Errno 2] No such file or directory: 'game_logs.csv'
2026-06-06 23:53:48,403 [INFO] Ensamble cargado desde modelos de Kaggle.
2026-06-06 23:53:48,403 [INFO] Iniciando inferencia sobre dataset histórico...
2026-06-06 23:53:48,403 [ERROR] Error en ciclo: [Errno 2] No such file or directory: 'game_logs.csv'
2026-06-07 00:13:09,102 [INFO] Ensamble cargado desde modelos de Kaggle.
2026-06-07 00:13:09,102 [INFO] Iniciando inferencia sobre dataset histórico...
2026-06-07 00:13:09,103 [ERROR] Error en ciclo: [Errno 2] No such file or directory: 'game_logs.csv'
2026-06-07 02:05:01,198 [INFO] Ensamble cargado desde modelos de Kaggle.
2026-06-07 02:05:01,198 [INFO] Iniciando inferencia sobre dataset histórico...
2026-06-07 02:05:01,198 [ERROR] Error en ciclo: [Errno 2] No such file or directory: 'game_logs.csv'
2026-06-07 05:45:26,690 [INFO] Ensamble cargado desde modelos de Kaggle.
2026-06-07 05:45:26,690 [INFO] Iniciando inferencia sobre dataset histórico...
2026-06-07 05:45:26,691 [ERROR] Error en ciclo: [Errno 2] No such file or directory: 'game_logs.csv'
2026-06-07 06:55:23,270 [INFO] Ensamble cargado desde modelos de Kaggle.
2026-06-07 06:55:23,270 [INFO] Iniciando inferencia sobre dataset histórico...
2026-06-07 06:55:23,271 [ERROR] Error en ciclo: [Errno 2] No such file or directory: 'game_logs.csv'
2026-06-07 09:28:37,781 [INFO] Ensamble cargado desde modelos de Kaggle.
2026-06-07 09:28:37,781 [INFO] Iniciando inferencia sobre dataset histórico...
2026-06-07 09:28:37,781 [ERROR] Error en ciclo: [Errno 2] No such file or directory: 'game_logs.csv'
2026-06-07 11:56:13,933 [INFO] Ensamble cargado desde modelos de Kaggle.
2026-06-07 11:56:13,934 [INFO] Iniciando inferencia sobre dataset histórico...
2026-06-07 11:56:13,934 [ERROR] Error en ciclo: [Errno 2] No such file or directory: 'game_logs.csv'
2026-06-07 14:13:00,621 [INFO] Ensamble cargado desde modelos de Kaggle.
2026-06-07 14:13:00,621 [INFO] Iniciando inferencia sobre dataset histórico...
2026-06-07 14:13:00,622 [ERROR] Error en ciclo: [Errno 2] No such file or directory: 'game_logs.csv'
2026-06-07 16:24:31,481 [INFO] Ensamble cargado desde modelos de Kaggle.
2026-06-07 16:24:31,481 [INFO] Iniciando inferencia sobre dataset histórico...
2026-06-07 16:24:31,481 [ERROR] Error en ciclo: [Errno 2] No such file or directory: 'game_logs.csv'
2026-06-07 17:57:39,442 [INFO] Ensamble cargado desde modelos de Kaggle.
2026-06-07 17:57:39,442 [INFO] Iniciando inferencia sobre dataset histórico...
2026-06-07 17:57:39,443 [ERROR] Error en ciclo: [Errno 2] No such file or directory: 'game_logs.csv'
2026-06-07 18:11:56,799 [INFO] Ensamble cargado desde modelos de Kaggle.
2026-06-07 18:11:56,799 [INFO] Iniciando inferencia sobre dataset histórico...
2026-06-07 18:11:56,800 [ERROR] Error en ciclo: [Errno 2] No such file or directory: 'game_logs.csv'
2026-06-07 19:09:15,062 [INFO] Ensamble cargado desde modelos de Kaggle.
2026-06-07 19:09:15,062 [INFO] Iniciando inferencia sobre dataset histórico...
2026-06-07 19:09:15,062 [ERROR] Error en ciclo: [Errno 2] No such file or directory: 'game_logs.csv'
2026-06-07 20:20:11,321 [INFO] Ensamble cargado desde modelos de Kaggle.
2026-06-07 20:20:11,322 [INFO] Iniciando inferencia sobre dataset histórico...
2026-06-07 20:20:11,322 [ERROR] Error en ciclo: [Errno 2] No such file or directory: 'game_logs.csv'
2026-06-07 20:57:43,213 [INFO] Ensamble cargado desde modelos de Kaggle.
2026-06-07 20:57:43,213 [INFO] Iniciando inferencia sobre dataset histórico...
2026-06-07 20:57:43,213 [ERROR] Error en ciclo: [Errno 2] No such file or directory: 'game_logs.csv'
2026-06-07 21:59:38,642 [INFO] Ensamble cargado desde modelos de Kaggle.
2026-06-07 21:59:38,642 [INFO] Iniciando inferencia sobre dataset histórico...
2026-06-07 21:59:38,643 [ERROR] Error en ciclo: [Errno 2] No such file or directory: 'game_logs.csv'
2026-06-07 22:12:43,926 [INFO] Ensamble cargado desde modelos de Kaggle.
2026-06-07 22:12:43,926 [INFO] Iniciando inferencia sobre dataset histórico...
2026-06-07 22:12:43,926 [ERROR] Error en ciclo: [Errno 2] No such file or directory: 'game_logs.csv'
2026-06-07 23:03:44,801 [INFO] Ensamble cargado desde modelos de Kaggle.
2026-06-07 23:03:44,801 [INFO] Iniciando inferencia sobre dataset histórico...
2026-06-07 23:03:44,801 [ERROR] Error en ciclo: [Errno 2] No such file or directory: 'game_logs.csv'
2026-06-08 00:18:33,740 [INFO] Ensamble cargado desde modelos de Kaggle.
2026-06-08 00:18:33,741 [INFO] Iniciando inferencia sobre dataset histórico...
2026-06-08 00:18:33,741 [ERROR] Error en ciclo: [Errno 2] No such file or directory: 'game_logs.csv'
2026-06-08 02:10:16,167 [INFO] Ensamble cargado desde modelos de Kaggle.
2026-06-08 02:10:16,167 [INFO] Iniciando inferencia sobre dataset histórico...
2026-06-08 02:10:16,167 [ERROR] Error en ciclo: [Errno 2] No such file or directory: 'game_logs.csv'
2026-06-08 05:59:59,940 [INFO] Ensamble cargado desde modelos de Kaggle.
2026-06-08 05:59:59,940 [INFO] Iniciando inferencia sobre dataset histórico...
2026-06-08 05:59:59,940 [ERROR] Error en ciclo: [Errno 2] No such file or directory: 'game_logs.csv'
2026-06-08 07:19:23,968 [INFO] Ensamble cargado desde modelos de Kaggle.
2026-06-08 07:19:23,968 [INFO] Iniciando inferencia sobre dataset histórico...
2026-06-08 07:19:23,969 [ERROR] Error en ciclo: [Errno 2] No such file or directory: 'game_logs.csv'
2026-06-08 11:18:56,494 [INFO] Ensamble cargado desde modelos de Kaggle.
2026-06-08 11:18:56,494 [INFO] Iniciando inferencia sobre dataset histórico...
2026-06-08 11:18:56,494 [ERROR] Error en ciclo: [Errno 2] No such file or directory: 'game_logs.csv'
2026-06-08 16:10:51,531 [INFO] Ensamble cargado desde modelos de Kaggle.
2026-06-08 16:10:51,532 [INFO] Iniciando inferencia sobre dataset histórico...
2026-06-08 16:10:51,532 [ERROR] Error en ciclo: [Errno 2] No such file or directory: 'game_logs.csv'
2026-06-08 19:12:31,463 [INFO] Ensamble cargado desde modelos de Kaggle.
2026-06-08 19:12:31,463 [INFO] Iniciando inferencia sobre dataset histórico...
2026-06-08 19:12:31,464 [ERROR] Error en ciclo: [Errno 2] No such file or directory: 'game_logs.csv'
2026-06-08 19:28:05,819 [INFO] Ensamble cargado desde modelos de Kaggle.
2026-06-08 19:28:05,819 [INFO] Iniciando inferencia sobre dataset histórico...
2026-06-08 19:28:05,819 [ERROR] Error en ciclo: [Errno 2] No such file or directory: 'game_logs.csv'
2026-06-08 21:31:01,167 [INFO] Ensamble cargado desde modelos de Kaggle.
2026-06-08 21:31:01,168 [INFO] Iniciando inferencia sobre dataset histórico...
2026-06-08 21:31:01,168 [ERROR] Error en ciclo: [Errno 2] No such file or directory: 'game_logs.csv'
2026-06-08 21:57:14,952 [INFO] Ensamble cargado desde modelos de Kaggle.
2026-06-08 21:57:14,952 [INFO] Iniciando inferencia sobre dataset histórico...
2026-06-08 21:57:14,953 [ERROR] Error en ciclo: [Errno 2] No such file or directory: 'game_logs.csv'
2026-06-08 23:05:36,979 [INFO] Ensamble cargado desde modelos de Kaggle.
2026-06-08 23:05:36,979 [INFO] Iniciando inferencia sobre dataset histórico...
2026-06-08 23:05:36,980 [ERROR] Error en ciclo: [Errno 2] No such file or directory: 'game_logs.csv'
2026-06-08 23:19:45,237 [INFO] Ensamble cargado desde modelos de Kaggle.
2026-06-08 23:19:45,237 [INFO] Iniciando inferencia sobre dataset histórico...
2026-06-08 23:19:45,237 [ERROR] Error en ciclo: [Errno 2] No such file or directory: 'game_logs.csv'
2026-06-09 01:48:14,450 [INFO] Ensamble cargado desde modelos de Kaggle.
2026-06-09 01:48:14,450 [INFO] Iniciando inferencia sobre dataset histórico...
2026-06-09 01:48:14,451 [ERROR] Error en ciclo: [Errno 2] No such file or directory: 'game_logs.csv'
2026-06-09 04:14:21,996 [INFO] Ensamble cargado desde modelos de Kaggle.
2026-06-09 04:14:21,996 [INFO] Iniciando inferencia sobre dataset histórico...
2026-06-09 04:14:21,996 [ERROR] Error en ciclo: [Errno 2] No such file or directory: 'game_logs.csv'
2026-06-09 05:57:13,184 [INFO] Ensamble cargado desde modelos de Kaggle.
2026-06-09 05:57:13,185 [INFO] Iniciando inferencia sobre dataset histórico...
2026-06-09 05:57:13,185 [ERROR] Error en ciclo: [Errno 2] No such file or directory: 'game_logs.csv'
2026-06-09 08:37:05,793 [INFO] Ensamble cargado desde modelos de Kaggle.
2026-06-09 08:37:05,793 [INFO] Iniciando inferencia sobre dataset histórico...
2026-06-09 08:37:05,793 [ERROR] Error en ciclo: [Errno 2] No such file or directory: 'game_logs.csv'
2026-06-09 12:12:19,269 [INFO] Ensamble cargado desde modelos de Kaggle.
2026-06-09 12:12:19,269 [INFO] Iniciando inferencia sobre dataset histórico...
2026-06-09 12:12:19,270 [ERROR] Error en ciclo: [Errno 2] No such file or directory: 'game_logs.csv'
2026-06-09 16:10:13,084 [INFO] Ensamble cargado desde modelos de Kaggle.
2026-06-09 16:10:13,085 [INFO] Iniciando inferencia sobre dataset histórico...
2026-06-09 16:10:13,085 [ERROR] Error en ciclo: [Errno 2] No such file or directory: 'game_logs.csv'
2026-06-09 19:05:58,326 [INFO] Ensamble cargado desde modelos de Kaggle.
2026-06-09 19:05:58,326 [INFO] Iniciando inferencia sobre dataset histórico...
2026-06-09 19:05:58,327 [ERROR] Error en ciclo: [Errno 2] No such file or directory: 'game_logs.csv'
2026-06-09 19:23:40,492 [INFO] Ensamble cargado desde modelos de Kaggle.
2026-06-09 19:23:40,493 [INFO] Iniciando inferencia sobre dataset histórico...
2026-06-09 19:23:40,493 [ERROR] Error en ciclo: [Errno 2] No such file or directory: 'game_logs.csv'
2026-06-09 21:27:32,770 [INFO] Ensamble cargado desde modelos de Kaggle.
2026-06-09 21:27:32,770 [INFO] Iniciando inferencia sobre dataset histórico...
2026-06-09 21:27:32,770 [ERROR] Error en ciclo: [Errno 2] No such file or directory: 'game_logs.csv'
2026-06-09 21:55:05,939 [INFO] Ensamble cargado desde modelos de Kaggle.
2026-06-09 21:55:05,939 [INFO] Iniciando inferencia sobre dataset histórico...
2026-06-09 21:55:05,940 [ERROR] Error en ciclo: [Errno 2] No such file or directory: 'game_logs.csv'
2026-06-09 23:07:49,867 [INFO] Ensamble cargado desde modelos de Kaggle.
2026-06-09 23:07:49,868 [INFO] Iniciando inferencia sobre dataset histórico...
2026-06-09 23:07:49,868 [ERROR] Error en ciclo: [Errno 2] No such file or directory: 'game_logs.csv'
2026-06-09 23:23:20,837 [INFO] Ensamble cargado desde modelos de Kaggle.
2026-06-09 23:23:20,837 [INFO] Iniciando inferencia sobre dataset histórico...
2026-06-09 23:23:20,837 [ERROR] Error en ciclo: [Errno 2] No such file or directory: 'game_logs.csv'
2026-06-10 01:58:54,345 [INFO] Ensamble cargado desde modelos de Kaggle.
2026-06-10 01:58:54,345 [INFO] Iniciando inferencia sobre dataset histórico...
2026-06-10 01:58:54,345 [ERROR] Error en ciclo: [Errno 2] No such file or directory: 'game_logs.csv'
2026-06-10 04:25:19,080 [INFO] Ensamble cargado desde modelos de Kaggle.
2026-06-10 04:25:19,080 [INFO] Iniciando inferencia sobre dataset histórico...
2026-06-10 04:25:19,080 [ERROR] Error en ciclo: [Errno 2] No such file or directory: 'game_logs.csv'
2026-06-10 06:20:44,673 [INFO] Ensamble cargado desde modelos de Kaggle.
2026-06-10 06:20:44,673 [INFO] Iniciando inferencia sobre dataset histórico...
2026-06-10 06:20:44,673 [ERROR] Error en ciclo: [Errno 2] No such file or directory: 'game_logs.csv'
2026-06-10 08:57:12,554 [INFO] Ensamble cargado desde modelos de Kaggle.
2026-06-10 08:57:12,554 [INFO] Iniciando inferencia sobre dataset histórico...
2026-06-10 08:57:12,554 [ERROR] Error en ciclo: [Errno 2] No such file or directory: 'game_logs.csv'
2026-06-10 12:33:24,790 [INFO] Ensamble cargado desde modelos de Kaggle.
2026-06-10 12:33:24,790 [INFO] Iniciando inferencia sobre dataset histórico...
2026-06-10 12:33:24,791 [ERROR] Error en ciclo: [Errno 2] No such file or directory: 'game_logs.csv'
2026-06-10 16:41:45,342 [INFO] Ensamble cargado desde modelos de Kaggle.
2026-06-10 16:41:45,342 [INFO] Iniciando inferencia sobre dataset histórico...
2026-06-10 16:41:45,343 [ERROR] Error en ciclo: [Errno 2] No such file or directory: 'game_logs.csv'
2026-06-10 19:28:37,237 [INFO] Ensamble cargado desde modelos de Kaggle.
2026-06-10 19:28:37,238 [INFO] Iniciando inferencia sobre dataset histórico...
2026-06-10 19:28:37,238 [ERROR] Error en ciclo: [Errno 2] No such file or directory: 'game_logs.csv'
2026-06-10 19:42:25,668 [INFO] Ensamble cargado desde modelos de Kaggle.
2026-06-10 19:42:25,668 [INFO] Iniciando inferencia sobre dataset histórico...
2026-06-10 19:42:25,668 [ERROR] Error en ciclo: [Errno 2] No such file or directory: 'game_logs.csv'
2026-06-10 21:49:19,770 [INFO] Ensamble cargado desde modelos de Kaggle.
2026-06-10 21:49:19,770 [INFO] Iniciando inferencia sobre dataset histórico...
2026-06-10 21:49:19,770 [ERROR] Error en ciclo: [Errno 2] No such file or directory: 'game_logs.csv'
2026-06-10 22:12:17,809 [INFO] Ensamble cargado desde modelos de Kaggle.
2026-06-10 22:12:17,809 [INFO] Iniciando inferencia sobre dataset histórico...
2026-06-10 22:12:17,809 [ERROR] Error en ciclo: [Errno 2] No such file or directory: 'game_logs.csv'
2026-06-10 23:17:21,890 [INFO] Ensamble cargado desde modelos de Kaggle.
2026-06-10 23:17:21,890 [INFO] Iniciando inferencia sobre dataset histórico...
2026-06-10 23:17:21,891 [ERROR] Error en ciclo: [Errno 2] No such file or directory: 'game_logs.csv'
2026-06-11 00:24:08,926 [INFO] Ensamble cargado desde modelos de Kaggle.
2026-06-11 00:24:08,926 [INFO] Iniciando inferencia sobre dataset histórico...
2026-06-11 00:24:08,927 [ERROR] Error en ciclo: [Errno 2] No such file or directory: 'game_logs.csv'
2026-06-11 02:10:16,628 [INFO] Ensamble cargado desde modelos de Kaggle.
2026-06-11 02:10:16,628 [INFO] Iniciando inferencia sobre dataset histórico...
2026-06-11 02:10:16,629 [ERROR] Error en ciclo: [Errno 2] No such file or directory: 'game_logs.csv'
2026-06-11 05:59:24,145 [INFO] Ensamble cargado desde modelos de Kaggle.
2026-06-11 05:59:24,145 [INFO] Iniciando inferencia sobre dataset histórico...
2026-06-11 05:59:24,145 [ERROR] Error en ciclo: [Errno 2] No such file or directory: 'game_logs.csv'
2026-06-11 07:19:52,634 [INFO] Ensamble cargado desde modelos de Kaggle.
2026-06-11 07:19:52,634 [INFO] Iniciando inferencia sobre dataset histórico...
2026-06-11 07:19:52,634 [ERROR] Error en ciclo: [Errno 2] No such file or directory: 'game_logs.csv'
2026-06-11 10:56:50,096 [INFO] Ensamble cargado desde modelos de Kaggle.
2026-06-11 10:56:50,097 [INFO] Iniciando inferencia sobre dataset histórico...
2026-06-11 10:56:50,097 [ERROR] Error en ciclo: [Errno 2] No such file or directory: 'game_logs.csv'
2026-06-11 14:50:00,154 [INFO] Ensamble cargado desde modelos de Kaggle.
2026-06-11 14:50:00,154 [INFO] Iniciando inferencia sobre dataset histórico...
2026-06-11 14:50:00,154 [ERROR] Error en ciclo: [Errno 2] No such file or directory: 'game_logs.csv'
2026-06-11 18:23:18,239 [INFO] Ensamble cargado desde modelos de Kaggle.
2026-06-11 18:23:18,239 [INFO] Iniciando inferencia sobre dataset histórico...
2026-06-11 18:23:18,240 [ERROR] Error en ciclo: [Errno 2] No such file or directory: 'game_logs.csv'
2026-06-11 19:28:54,246 [INFO] Ensamble cargado desde modelos de Kaggle.
2026-06-11 19:28:54,246 [INFO] Iniciando inferencia sobre dataset histórico...
2026-06-11 19:28:54,246 [ERROR] Error en ciclo: [Errno 2] No such file or directory: 'game_logs.csv'
2026-06-11 21:27:45,431 [INFO] Ensamble cargado desde modelos de Kaggle.
2026-06-11 21:27:45,431 [INFO] Iniciando inferencia sobre dataset histórico...
2026-06-11 21:27:45,432 [ERROR] Error en ciclo: [Errno 2] No such file or directory: 'game_logs.csv'
2026-06-11 21:53:23,705 [INFO] Ensamble cargado desde modelos de Kaggle.
2026-06-11 21:53:23,705 [INFO] Iniciando inferencia sobre dataset histórico...
2026-06-11 21:53:23,705 [ERROR] Error en ciclo: [Errno 2] No such file or directory: 'game_logs.csv'
2026-06-11 23:13:18,240 [INFO] Ensamble cargado desde modelos de Kaggle.
2026-06-11 23:13:18,240 [INFO] Iniciando inferencia sobre dataset histórico...
2026-06-11 23:13:18,241 [ERROR] Error en ciclo: [Errno 2] No such file or directory: 'game_logs.csv'
2026-06-11 23:44:34,564 [INFO] Ensamble cargado desde modelos de Kaggle.
2026-06-11 23:44:34,564 [INFO] Iniciando inferencia sobre dataset histórico...
2026-06-11 23:44:34,565 [ERROR] Error en ciclo: [Errno 2] No such file or directory: 'game_logs.csv'
2026-06-12 02:06:18,423 [INFO] Ensamble cargado desde modelos de Kaggle.
2026-06-12 02:06:18,423 [INFO] Iniciando inferencia sobre dataset histórico...
2026-06-12 02:06:18,424 [ERROR] Error en ciclo: [Errno 2] No such file or directory: 'game_logs.csv'
2026-06-12 04:50:34,056 [INFO] Ensamble cargado desde modelos de Kaggle.
2026-06-12 04:50:34,056 [INFO] Iniciando inferencia sobre dataset histórico...
2026-06-12 04:50:34,057 [ERROR] Error en ciclo: [Errno 2] No such file or directory: 'game_logs.csv'
2026-06-12 07:09:56,528 [INFO] Ensamble cargado desde modelos de Kaggle.
2026-06-12 07:09:56,528 [INFO] Iniciando inferencia sobre dataset histórico...
2026-06-12 07:09:56,528 [ERROR] Error en ciclo: [Errno 2] No such file or directory: 'game_logs.csv'
2026-06-12 09:06:39,535 [INFO] Ensamble cargado desde modelos de Kaggle.
2026-06-12 09:06:39,535 [INFO] Iniciando inferencia sobre dataset histórico...
2026-06-12 09:06:39,535 [ERROR] Error en ciclo: [Errno 2] No such file or directory: 'game_logs.csv'
2026-06-12 13:34:26,154 [INFO] Ensamble cargado desde modelos de Kaggle.
2026-06-12 13:34:26,154 [INFO] Iniciando inferencia sobre dataset histórico...
2026-06-12 13:34:26,155 [ERROR] Error en ciclo: [Errno 2] No such file or directory: 'game_logs.csv'
2026-06-12 16:51:14,810 [INFO] Ensamble cargado desde modelos de Kaggle.
2026-06-12 16:51:14,811 [INFO] Iniciando inferencia sobre dataset histórico...
2026-06-12 16:51:14,811 [ERROR] Error en ciclo: [Errno 2] No such file or directory: 'game_logs.csv'
2026-06-12 18:55:52,038 [INFO] Ensamble cargado desde modelos de Kaggle.
2026-06-12 18:55:52,038 [INFO] Iniciando inferencia sobre dataset histórico...
2026-06-12 18:55:52,039 [ERROR] Error en ciclo: [Errno 2] No such file or directory: 'game_logs.csv'
2026-06-12 19:13:34,045 [INFO] Ensamble cargado desde modelos de Kaggle.
2026-06-12 19:13:34,045 [INFO] Iniciando inferencia sobre dataset histórico...
2026-06-12 19:13:34,046 [ERROR] Error en ciclo: [Errno 2] No such file or directory: 'game_logs.csv'
2026-06-12 20:58:55,227 [INFO] Ensamble cargado desde modelos de Kaggle.
2026-06-12 20:58:55,227 [INFO] Iniciando inferencia sobre dataset histórico...
2026-06-12 20:58:55,228 [ERROR] Error en ciclo: [Errno 2] No such file or directory: 'game_logs.csv'
2026-06-12 21:57:08,969 [INFO] Ensamble cargado desde modelos de Kaggle.
2026-06-12 21:57:08,969 [INFO] Iniciando inferencia sobre dataset histórico...
2026-06-12 21:57:08,970 [ERROR] Error en ciclo: [Errno 2] No such file or directory: 'game_logs.csv'
2026-06-12 22:22:26,557 [INFO] Ensamble cargado desde modelos de Kaggle.
2026-06-12 22:22:26,557 [INFO] Iniciando inferencia sobre dataset histórico...
2026-06-12 22:22:26,558 [ERROR] Error en ciclo: [Errno 2] No such file or directory: 'game_logs.csv'
2026-06-12 23:27:02,441 [INFO] Ensamble cargado desde modelos de Kaggle.
2026-06-12 23:27:02,441 [INFO] Iniciando inferencia sobre dataset histórico...
2026-06-12 23:27:02,442 [ERROR] Error en ciclo: [Errno 2] No such file or directory: 'game_logs.csv'
2026-06-13 00:10:44,955 [INFO] Ensamble cargado desde modelos de Kaggle.
2026-06-13 00:10:44,955 [INFO] Iniciando inferencia sobre dataset histórico...
2026-06-13 00:10:44,956 [ERROR] Error en ciclo: [Errno 2] No such file or directory: 'game_logs.csv'
2026-06-13 04:38:30,787 [INFO] Ensamble cargado desde modelos de Kaggle.
2026-06-13 04:38:30,787 [INFO] Iniciando inferencia sobre dataset histórico...
2026-06-13 04:38:30,788 [ERROR] Error en ciclo: [Errno 2] No such file or directory: 'game_logs.csv'
2026-06-13 05:12:26,240 [INFO] Ensamble cargado desde modelos de Kaggle.
2026-06-13 05:12:26,240 [INFO] Iniciando inferencia sobre dataset histórico...
2026-06-13 05:12:26,241 [ERROR] Error en ciclo: [Errno 2] No such file or directory: 'game_logs.csv'
2026-06-13 08:28:34,319 [INFO] Ensamble cargado desde modelos de Kaggle.
2026-06-13 08:28:34,319 [INFO] Iniciando inferencia sobre dataset histórico...
2026-06-13 08:28:34,319 [ERROR] Error en ciclo: [Errno 2] No such file or directory: 'game_logs.csv'
2026-06-13 11:22:36,222 [INFO] Ensamble cargado desde modelos de Kaggle.
2026-06-13 11:22:36,222 [INFO] Iniciando inferencia sobre dataset histórico...
2026-06-13 11:22:36,222 [ERROR] Error en ciclo: [Errno 2] No such file or directory: 'game_logs.csv'
2026-06-13 14:18:33,655 [INFO] Ensamble cargado desde modelos de Kaggle.
2026-06-13 14:18:33,655 [INFO] Iniciando inferencia sobre dataset histórico...
2026-06-13 14:18:33,656 [ERROR] Error en ciclo: [Errno 2] No such file or directory: 'game_logs.csv'
2026-06-13 16:22:10,523 [INFO] Ensamble cargado desde modelos de Kaggle.
2026-06-13 16:22:10,523 [INFO] Iniciando inferencia sobre dataset histórico...
2026-06-13 16:22:10,524 [ERROR] Error en ciclo: [Errno 2] No such file or directory: 'game_logs.csv'
2026-06-13 18:02:11,353 [INFO] Ensamble cargado desde modelos de Kaggle.
2026-06-13 18:02:11,354 [INFO] Iniciando inferencia sobre dataset histórico...
2026-06-13 18:02:11,354 [ERROR] Error en ciclo: [Errno 2] No such file or directory: 'game_logs.csv'
2026-06-13 18:16:35,729 [INFO] Ensamble cargado desde modelos de Kaggle.
2026-06-13 18:16:35,729 [INFO] Iniciando inferencia sobre dataset histórico...
2026-06-13 18:16:35,730 [ERROR] Error en ciclo: [Errno 2] No such file or directory: 'game_logs.csv'
2026-06-13 20:10:18,387 [INFO] Ensamble cargado desde modelos de Kaggle.
2026-06-13 20:10:18,387 [INFO] Iniciando inferencia sobre dataset histórico...
2026-06-13 20:10:18,387 [ERROR] Error en ciclo: [Errno 2] No such file or directory: 'game_logs.csv'
2026-06-13 20:22:21,484 [INFO] Ensamble cargado desde modelos de Kaggle.
2026-06-13 20:22:21,484 [INFO] Iniciando inferencia sobre dataset histórico...
2026-06-13 20:22:21,484 [ERROR] Error en ciclo: [Errno 2] No such file or directory: 'game_logs.csv'
2026-06-13 21:56:00,604 [INFO] Ensamble cargado desde modelos de Kaggle.
2026-06-13 21:56:00,604 [INFO] Iniciando inferencia sobre dataset histórico...
2026-06-13 21:56:00,605 [ERROR] Error en ciclo: [Errno 2] No such file or directory: 'game_logs.csv'
2026-06-13 22:13:54,542 [INFO] Ensamble cargado desde modelos de Kaggle.
2026-06-13 22:13:54,542 [INFO] Iniciando inferencia sobre dataset histórico...
2026-06-13 22:13:54,542 [ERROR] Error en ciclo: [Errno 2] No such file or directory: 'game_logs.csv'
2026-06-13 22:52:15,605 [INFO] Ensamble cargado desde modelos de Kaggle.
2026-06-13 22:52:15,605 [INFO] Iniciando inferencia sobre dataset histórico...
2026-06-13 22:52:15,605 [ERROR] Error en ciclo: [Errno 2] No such file or directory: 'game_logs.csv'
2026-06-13 23:55:20,121 [INFO] Ensamble cargado desde modelos de Kaggle.
2026-06-13 23:55:20,121 [INFO] Iniciando inferencia sobre dataset histórico...
2026-06-13 23:55:20,121 [ERROR] Error en ciclo: [Errno 2] No such file or directory: 'game_logs.csv'
2026-06-14 00:16:52,521 [INFO] Ensamble cargado desde modelos de Kaggle.
2026-06-14 00:16:52,521 [INFO] Iniciando inferencia sobre dataset histórico...
2026-06-14 00:16:52,522 [ERROR] Error en ciclo: [Errno 2] No such file or directory: 'game_logs.csv'
2026-06-14 02:08:54,546 [INFO] Ensamble cargado desde modelos de Kaggle.
2026-06-14 02:08:54,546 [INFO] Iniciando inferencia sobre dataset histórico...
2026-06-14 02:08:54,547 [ERROR] Error en ciclo: [Errno 2] No such file or directory: 'game_logs.csv'
2026-06-14 05:58:40,021 [INFO] Ensamble cargado desde modelos de Kaggle.
2026-06-14 05:58:40,021 [INFO] Iniciando inferencia sobre dataset histórico...
2026-06-14 05:58:40,021 [ERROR] Error en ciclo: [Errno 2] No such file or directory: 'game_logs.csv'
2026-06-14 07:11:51,390 [INFO] Ensamble cargado desde modelos de Kaggle.
2026-06-14 07:11:51,390 [INFO] Iniciando inferencia sobre dataset histórico...
2026-06-14 07:11:51,391 [ERROR] Error en ciclo: [Errno 2] No such file or directory: 'game_logs.csv'
2026-06-14 09:53:26,473 [INFO] Ensamble cargado desde modelos de Kaggle.
2026-06-14 09:53:26,473 [INFO] Iniciando inferencia sobre dataset histórico...
2026-06-14 09:53:26,474 [ERROR] Error en ciclo: [Errno 2] No such file or directory: 'game_logs.csv'
2026-06-14 12:05:20,850 [INFO] Ensamble cargado desde modelos de Kaggle.
2026-06-14 12:05:20,850 [INFO] Iniciando inferencia sobre dataset histórico...
2026-06-14 12:05:20,851 [ERROR] Error en ciclo: [Errno 2] No such file or directory: 'game_logs.csv'
2026-06-14 15:11:43,921 [INFO] Ensamble cargado desde modelos de Kaggle.
2026-06-14 15:11:43,921 [INFO] Iniciando inferencia sobre dataset histórico...
2026-06-14 15:11:43,922 [ERROR] Error en ciclo: [Errno 2] No such file or directory: 'game_logs.csv'
2026-06-14 17:27:21,608 [INFO] Ensamble cargado desde modelos de Kaggle.
2026-06-14 17:27:21,608 [INFO] Iniciando inferencia sobre dataset histórico...
2026-06-14 17:27:21,608 [ERROR] Error en ciclo: [Errno 2] No such file or directory: 'game_logs.csv'
2026-06-14 18:06:09,643 [INFO] Ensamble cargado desde modelos de Kaggle.
2026-06-14 18:06:09,644 [INFO] Iniciando inferencia sobre dataset histórico...
2026-06-14 18:06:09,644 [ERROR] Error en ciclo: [Errno 2] No such file or directory: 'game_logs.csv'
2026-06-14 19:48:51,835 [INFO] Ensamble cargado desde modelos de Kaggle.
2026-06-14 19:48:51,836 [INFO] Iniciando inferencia sobre dataset histórico...
2026-06-14 19:48:51,836 [ERROR] Error en ciclo: [Errno 2] No such file or directory: 'game_logs.csv'
2026-06-14 20:13:02,448 [INFO] Ensamble cargado desde modelos de Kaggle.
2026-06-14 20:13:02,448 [INFO] Iniciando inferencia sobre dataset histórico...
2026-06-14 20:13:02,449 [ERROR] Error en ciclo: [Errno 2] No such file or directory: 'game_logs.csv'
2026-06-14 21:22:21,041 [INFO] Ensamble cargado desde modelos de Kaggle.
2026-06-14 21:22:21,041 [INFO] Iniciando inferencia sobre dataset histórico...
2026-06-14 21:22:21,041 [ERROR] Error en ciclo: [Errno 2] No such file or directory: 'game_logs.csv'
2026-06-14 22:01:38,660 [INFO] Ensamble cargado desde modelos de Kaggle.
2026-06-14 22:01:38,660 [INFO] Iniciando inferencia sobre dataset histórico...
2026-06-14 22:01:38,660 [ERROR] Error en ciclo: [Errno 2] No such file or directory: 'game_logs.csv'
2026-06-14 23:17:52,847 [INFO] Ensamble cargado desde modelos de Kaggle.
2026-06-14 23:17:52,847 [INFO] Iniciando inferencia sobre dataset histórico...
2026-06-14 23:17:52,848 [ERROR] Error en ciclo: [Errno 2] No such file or directory: 'game_logs.csv'
2026-06-14 23:58:21,891 [INFO] Ensamble cargado desde modelos de Kaggle.
2026-06-14 23:58:21,891 [INFO] Iniciando inferencia sobre dataset histórico...
2026-06-14 23:58:21,892 [ERROR] Error en ciclo: [Errno 2] No such file or directory: 'game_logs.csv'
2026-06-15 03:31:43,368 [INFO] Ensamble cargado desde modelos de Kaggle.
2026-06-15 03:31:43,368 [INFO] Iniciando inferencia sobre dataset histórico...
2026-06-15 03:31:43,368 [ERROR] Error en ciclo: [Errno 2] No such file or directory: 'game_logs.csv'
2026-06-15 05:13:30,485 [INFO] Ensamble cargado desde modelos de Kaggle.
2026-06-15 05:13:30,485 [INFO] Iniciando inferencia sobre dataset histórico...
2026-06-15 05:13:30,486 [ERROR] Error en ciclo: [Errno 2] No such file or directory: 'game_logs.csv'
2026-06-15 09:49:16,230 [INFO] Ensamble cargado desde modelos de Kaggle.
2026-06-15 09:49:16,230 [INFO] Iniciando inferencia sobre dataset histórico...
2026-06-15 09:49:16,231 [ERROR] Error en ciclo: [Errno 2] No such file or directory: 'game_logs.csv'
2026-06-15 12:35:28,121 [INFO] Ensamble cargado desde modelos de Kaggle.
2026-06-15 12:35:28,121 [INFO] Iniciando inferencia sobre dataset histórico...
2026-06-15 12:35:28,121 [ERROR] Error en ciclo: [Errno 2] No such file or directory: 'game_logs.csv'
2026-06-15 17:59:34,843 [INFO] Ensamble cargado desde modelos de Kaggle.
2026-06-15 17:59:34,843 [INFO] Iniciando inferencia sobre dataset histórico...
2026-06-15 17:59:34,844 [ERROR] Error en ciclo: [Errno 2] No such file or directory: 'game_logs.csv'
2026-06-15 20:19:13,549 [INFO] Ensamble cargado desde modelos de Kaggle.
2026-06-15 20:19:13,549 [INFO] Iniciando inferencia sobre dataset histórico...
2026-06-15 20:19:13,550 [ERROR] Error en ciclo: [Errno 2] No such file or directory: 'game_logs.csv'
2026-06-15 21:17:24,051 [INFO] Ensamble cargado desde modelos de Kaggle.
2026-06-15 21:17:24,051 [INFO] Iniciando inferencia sobre dataset histórico...
2026-06-15 21:17:24,052 [ERROR] Error en ciclo: [Errno 2] No such file or directory: 'game_logs.csv'
2026-06-15 22:53:38,668 [INFO] Ensamble cargado desde modelos de Kaggle.
2026-06-15 22:53:38,668 [INFO] Iniciando inferencia sobre dataset histórico...
2026-06-15 22:53:38,668 [ERROR] Error en ciclo: [Errno 2] No such file or directory: 'game_logs.csv'
2026-06-15 23:53:41,789 [INFO] Ensamble cargado desde modelos de Kaggle.
2026-06-15 23:53:41,789 [INFO] Iniciando inferencia sobre dataset histórico...
2026-06-15 23:53:41,790 [ERROR] Error en ciclo: [Errno 2] No such file or directory: 'game_logs.csv'
2026-06-16 00:20:26,874 [INFO] Ensamble cargado desde modelos de Kaggle.
2026-06-16 00:20:26,874 [INFO] Iniciando inferencia sobre dataset histórico...
2026-06-16 00:20:26,874 [ERROR] Error en ciclo: [Errno 2] No such file or directory: 'game_logs.csv'
2026-06-16 05:19:52,793 [INFO] Ensamble cargado desde modelos de Kaggle.
2026-06-16 05:19:52,793 [INFO] Iniciando inferencia sobre dataset histórico...
2026-06-16 05:19:52,794 [ERROR] Error en ciclo: [Errno 2] No such file or directory: 'game_logs.csv'
2026-06-16 06:20:32,436 [INFO] Ensamble cargado desde modelos de Kaggle.
2026-06-16 06:20:32,436 [INFO] Iniciando inferencia sobre dataset histórico...
2026-06-16 06:20:32,437 [ERROR] Error en ciclo: [Errno 2] No such file or directory: 'game_logs.csv'
2026-06-16 11:27:57,882 [INFO] Ensamble cargado desde modelos de Kaggle.
2026-06-16 11:27:57,882 [INFO] Iniciando inferencia sobre dataset histórico...
2026-06-16 11:27:57,882 [ERROR] Error en ciclo: [Errno 2] No such file or directory: 'game_logs.csv'
2026-06-16 17:12:33,704 [INFO] Ensamble cargado desde modelos de Kaggle.
2026-06-16 17:12:33,704 [INFO] Iniciando inferencia sobre dataset histórico...
2026-06-16 17:12:33,705 [ERROR] Error en ciclo: [Errno 2] No such file or directory: 'game_logs.csv'
2026-06-16 20:00:30,327 [INFO] Ensamble cargado desde modelos de Kaggle.
2026-06-16 20:00:30,327 [INFO] Iniciando inferencia sobre dataset histórico...
2026-06-16 20:00:30,328 [ERROR] Error en ciclo: [Errno 2] No such file or directory: 'game_logs.csv'
2026-06-16 21:13:48,255 [INFO] Ensamble cargado desde modelos de Kaggle.
2026-06-16 21:13:48,255 [INFO] Iniciando inferencia sobre dataset histórico...
2026-06-16 21:13:48,255 [ERROR] Error en ciclo: [Errno 2] No such file or directory: 'game_logs.csv'
2026-06-16 22:11:25,453 [INFO] Ensamble cargado desde modelos de Kaggle.
2026-06-16 22:11:25,453 [INFO] Iniciando inferencia sobre dataset histórico...
2026-06-16 22:11:25,454 [ERROR] Error en ciclo: [Errno 2] No such file or directory: 'game_logs.csv'
2026-06-16 23:41:29,868 [INFO] Ensamble cargado desde modelos de Kaggle.
2026-06-16 23:41:29,868 [INFO] Iniciando inferencia sobre dataset histórico...
2026-06-16 23:41:29,868 [ERROR] Error en ciclo: [Errno 2] No such file or directory: 'game_logs.csv'
2026-06-17 00:07:05,709 [INFO] Ensamble cargado desde modelos de Kaggle.
2026-06-17 00:07:05,709 [INFO] Iniciando inferencia sobre dataset histórico...
2026-06-17 00:07:05,710 [ERROR] Error en ciclo: [Errno 2] No such file or directory: 'game_logs.csv'
2026-06-17 04:58:59,407 [INFO] Ensamble cargado desde modelos de Kaggle.
2026-06-17 04:58:59,407 [INFO] Iniciando inferencia sobre dataset histórico...
2026-06-17 04:58:59,408 [ERROR] Error en ciclo: [Errno 2] No such file or directory: 'game_logs.csv'
2026-06-17 05:55:52,433 [INFO] Ensamble cargado desde modelos de Kaggle.
2026-06-17 05:55:52,433 [INFO] Iniciando inferencia sobre dataset histórico...
2026-06-17 05:55:52,433 [ERROR] Error en ciclo: [Errno 2] No such file or directory: 'game_logs.csv'
2026-06-17 09:59:09,081 [INFO] Ensamble cargado desde modelos de Kaggle.
2026-06-17 09:59:09,081 [INFO] Iniciando inferencia sobre dataset histórico...
2026-06-17 09:59:09,082 [ERROR] Error en ciclo: [Errno 2] No such file or directory: 'game_logs.csv'
2026-06-17 13:53:56,550 [INFO] Ensamble cargado desde modelos de Kaggle.
2026-06-17 13:53:56,550 [INFO] Iniciando inferencia sobre dataset histórico...
2026-06-17 13:53:56,551 [ERROR] Error en ciclo: [Errno 2] No such file or directory: 'game_logs.csv'
2026-06-17 17:13:28,931 [INFO] Ensamble cargado desde modelos de Kaggle.
2026-06-17 17:13:28,932 [INFO] Iniciando inferencia sobre dataset histórico...
2026-06-17 17:13:28,932 [ERROR] Error en ciclo: [Errno 2] No such file or directory: 'game_logs.csv'
2026-06-17 19:16:33,478 [INFO] Ensamble cargado desde modelos de Kaggle.
2026-06-17 19:16:33,478 [INFO] Iniciando inferencia sobre dataset histórico...
2026-06-17 19:16:33,479 [ERROR] Error en ciclo: [Errno 2] No such file or directory: 'game_logs.csv'
2026-06-17 20:25:35,841 [INFO] Ensamble cargado desde modelos de Kaggle.
2026-06-17 20:25:35,841 [INFO] Iniciando inferencia sobre dataset histórico...
2026-06-17 20:25:35,842 [ERROR] Error en ciclo: [Errno 2] No such file or directory: 'game_logs.csv'
2026-06-17 21:50:19,230 [INFO] Ensamble cargado desde modelos de Kaggle.
2026-06-17 21:50:19,230 [INFO] Iniciando inferencia sobre dataset histórico...
2026-06-17 21:50:19,230 [ERROR] Error en ciclo: [Errno 2] No such file or directory: 'game_logs.csv'
2026-06-17 22:49:17,273 [INFO] Ensamble cargado desde modelos de Kaggle.
2026-06-17 22:49:17,273 [INFO] Iniciando inferencia sobre dataset histórico...
2026-06-17 22:49:17,273 [ERROR] Error en ciclo: [Errno 2] No such file or directory: 'game_logs.csv'
2026-06-17 23:13:31,209 [INFO] Ensamble cargado desde modelos de Kaggle.
2026-06-17 23:13:31,210 [INFO] Iniciando inferencia sobre dataset histórico...
2026-06-17 23:13:31,210 [ERROR] Error en ciclo: [Errno 2] No such file or directory: 'game_logs.csv'
2026-06-18 00:22:21,286 [INFO] Ensamble cargado desde modelos de Kaggle.
2026-06-18 00:22:21,286 [INFO] Iniciando inferencia sobre dataset histórico...
2026-06-18 00:22:21,286 [ERROR] Error en ciclo: [Errno 2] No such file or directory: 'game_logs.csv'
2026-06-18 02:10:23,740 [INFO] Ensamble cargado desde modelos de Kaggle.
2026-06-18 02:10:23,740 [INFO] Iniciando inferencia sobre dataset histórico...
2026-06-18 02:10:23,741 [ERROR] Error en ciclo: [Errno 2] No such file or directory: 'game_logs.csv'
2026-06-18 06:03:03,980 [INFO] Ensamble cargado desde modelos de Kaggle.
2026-06-18 06:03:03,980 [INFO] Iniciando inferencia sobre dataset histórico...
2026-06-18 06:03:03,981 [ERROR] Error en ciclo: [Errno 2] No such file or directory: 'game_logs.csv'
2026-06-18 07:22:33,612 [INFO] Ensamble cargado desde modelos de Kaggle.
2026-06-18 07:22:33,612 [INFO] Iniciando inferencia sobre dataset histórico...
2026-06-18 07:22:33,613 [ERROR] Error en ciclo: [Errno 2] No such file or directory: 'game_logs.csv'
2026-06-18 11:13:47,397 [INFO] Ensamble cargado desde modelos de Kaggle.
2026-06-18 11:13:47,398 [INFO] Iniciando inferencia sobre dataset histórico...
2026-06-18 11:13:47,398 [ERROR] Error en ciclo: [Errno 2] No such file or directory: 'game_logs.csv'
2026-06-18 15:44:59,310 [INFO] Ensamble cargado desde modelos de Kaggle.
2026-06-18 15:44:59,310 [INFO] Iniciando inferencia sobre dataset histórico...
2026-06-18 15:44:59,310 [ERROR] Error en ciclo: [Errno 2] No such file or directory: 'game_logs.csv'
2026-06-18 18:31:29,186 [INFO] Ensamble cargado desde modelos de Kaggle.
2026-06-18 18:31:29,186 [INFO] Iniciando inferencia sobre dataset histórico...
2026-06-18 18:31:29,187 [ERROR] Error en ciclo: [Errno 2] No such file or directory: 'game_logs.csv'
2026-06-18 19:15:05,415 [INFO] Ensamble cargado desde modelos de Kaggle.
2026-06-18 19:15:05,416 [INFO] Iniciando inferencia sobre dataset histórico...
2026-06-18 19:15:05,416 [ERROR] Error en ciclo: [Errno 2] No such file or directory: 'game_logs.csv'
2026-06-18 21:26:01,743 [INFO] Ensamble cargado desde modelos de Kaggle.
2026-06-18 21:26:01,743 [INFO] Iniciando inferencia sobre dataset histórico...
2026-06-18 21:26:01,744 [ERROR] Error en ciclo: [Errno 2] No such file or directory: 'game_logs.csv'
2026-06-18 21:55:15,324 [INFO] Ensamble cargado desde modelos de Kaggle.
2026-06-18 21:55:15,325 [INFO] Iniciando inferencia sobre dataset histórico...
2026-06-18 21:55:15,325 [ERROR] Error en ciclo: [Errno 2] No such file or directory: 'game_logs.csv'
2026-06-18 23:27:20,081 [INFO] Ensamble cargado desde modelos de Kaggle.
2026-06-18 23:27:20,081 [INFO] Iniciando inferencia sobre dataset histórico...
2026-06-18 23:27:20,081 [ERROR] Error en ciclo: [Errno 2] No such file or directory: 'game_logs.csv'
2026-06-18 23:52:50,568 [INFO] Ensamble cargado desde modelos de Kaggle.
2026-06-18 23:52:50,568 [INFO] Iniciando inferencia sobre dataset histórico...
2026-06-18 23:52:50,569 [ERROR] Error en ciclo: [Errno 2] No such file or directory: 'game_logs.csv'
2026-06-19 02:37:58,287 [INFO] Ensamble cargado desde modelos de Kaggle.
2026-06-19 02:37:58,287 [INFO] Iniciando inferencia sobre dataset histórico...
2026-06-19 02:37:58,288 [ERROR] Error en ciclo: [Errno 2] No such file or directory: 'game_logs.csv'
2026-06-19 05:09:55,915 [INFO] Ensamble cargado desde modelos de Kaggle.
2026-06-19 05:09:55,915 [INFO] Iniciando inferencia sobre dataset histórico...
2026-06-19 05:09:55,916 [ERROR] Error en ciclo: [Errno 2] No such file or directory: 'game_logs.csv'
2026-06-19 08:23:25,490 [INFO] Ensamble cargado desde modelos de Kaggle.
2026-06-19 08:23:25,490 [INFO] Iniciando inferencia sobre dataset histórico...
2026-06-19 08:23:25,491 [ERROR] Error en ciclo: [Errno 2] No such file or directory: 'game_logs.csv'
2026-06-19 10:52:06,819 [INFO] Ensamble cargado desde modelos de Kaggle.
2026-06-19 10:52:06,819 [INFO] Iniciando inferencia sobre dataset histórico...
2026-06-19 10:52:06,819 [ERROR] Error en ciclo: [Errno 2] No such file or directory: 'game_logs.csv'
2026-06-19 14:17:33,665 [INFO] Ensamble cargado desde modelos de Kaggle.
2026-06-19 14:17:33,665 [INFO] Iniciando inferencia sobre dataset histórico...
2026-06-19 14:17:33,666 [ERROR] Error en ciclo: [Errno 2] No such file or directory: 'game_logs.csv'
2026-06-19 17:23:50,719 [INFO] Ensamble cargado desde modelos de Kaggle.
2026-06-19 17:23:50,719 [INFO] Iniciando inferencia sobre dataset histórico...
2026-06-19 17:23:50,720 [ERROR] Error en ciclo: [Errno 2] No such file or directory: 'game_logs.csv'
2026-06-19 18:27:33,873 [INFO] Ensamble cargado desde modelos de Kaggle.
2026-06-19 18:27:33,873 [INFO] Iniciando inferencia sobre dataset histórico...
2026-06-19 18:27:33,874 [ERROR] Error en ciclo: [Errno 2] No such file or directory: 'game_logs.csv'
2026-06-19 19:58:47,816 [INFO] Ensamble cargado desde modelos de Kaggle.
2026-06-19 19:58:47,816 [INFO] Iniciando inferencia sobre dataset histórico...
2026-06-19 19:58:47,816 [ERROR] Error en ciclo: [Errno 2] No such file or directory: 'game_logs.csv'
2026-06-19 20:23:43,897 [INFO] Ensamble cargado desde modelos de Kaggle.
2026-06-19 20:23:43,897 [INFO] Iniciando inferencia sobre dataset histórico...
2026-06-19 20:23:43,898 [ERROR] Error en ciclo: [Errno 2] No such file or directory: 'game_logs.csv'
2026-06-19 21:18:20,277 [INFO] Ensamble cargado desde modelos de Kaggle.
2026-06-19 21:18:20,278 [INFO] Iniciando inferencia sobre dataset histórico...
2026-06-19 21:18:20,278 [ERROR] Error en ciclo: [Errno 2] No such file or directory: 'game_logs.csv'
2026-06-19 21:57:00,186 [INFO] Ensamble cargado desde modelos de Kaggle.
2026-06-19 21:57:00,186 [INFO] Iniciando inferencia sobre dataset histórico...
2026-06-19 21:57:00,187 [ERROR] Error en ciclo: [Errno 2] No such file or directory: 'game_logs.csv'
2026-06-19 22:44:28,046 [INFO] Ensamble cargado desde modelos de Kaggle.
2026-06-19 22:44:28,046 [INFO] Iniciando inferencia sobre dataset histórico...
2026-06-19 22:44:28,046 [ERROR] Error en ciclo: [Errno 2] No such file or directory: 'game_logs.csv'
2026-06-19 23:07:05,338 [INFO] Ensamble cargado desde modelos de Kaggle.
2026-06-19 23:07:05,338 [INFO] Iniciando inferencia sobre dataset histórico...
2026-06-19 23:07:05,339 [ERROR] Error en ciclo: [Errno 2] No such file or directory: 'game_logs.csv'
2026-06-19 23:56:08,298 [INFO] Ensamble cargado desde modelos de Kaggle.
2026-06-19 23:56:08,298 [INFO] Iniciando inferencia sobre dataset histórico...
2026-06-19 23:56:08,298 [ERROR] Error en ciclo: [Errno 2] No such file or directory: 'game_logs.csv'
2026-06-20 02:04:36,172 [INFO] Ensamble cargado desde modelos de Kaggle.
2026-06-20 02:04:36,172 [INFO] Iniciando inferencia sobre dataset histórico...
2026-06-20 02:04:36,173 [ERROR] Error en ciclo: [Errno 2] No such file or directory: 'game_logs.csv'
2026-06-20 04:22:01,392 [INFO] Ensamble cargado desde modelos de Kaggle.
2026-06-20 04:22:01,392 [INFO] Iniciando inferencia sobre dataset histórico...
2026-06-20 04:22:01,392 [ERROR] Error en ciclo: [Errno 2] No such file or directory: 'game_logs.csv'
2026-06-20 06:51:23,946 [INFO] Ensamble cargado desde modelos de Kaggle.
2026-06-20 06:51:23,946 [INFO] Iniciando inferencia sobre dataset histórico...
2026-06-20 06:51:23,946 [ERROR] Error en ciclo: [Errno 2] No such file or directory: 'game_logs.csv'
2026-06-20 08:26:12,903 [INFO] Ensamble cargado desde modelos de Kaggle.
2026-06-20 08:26:12,903 [INFO] Iniciando inferencia sobre dataset histórico...
2026-06-20 08:26:12,904 [ERROR] Error en ciclo: [Errno 2] No such file or directory: 'game_logs.csv'
2026-06-20 11:23:55,627 [INFO] Ensamble cargado desde modelos de Kaggle.
2026-06-20 11:23:55,627 [INFO] Iniciando inferencia sobre dataset histórico...
2026-06-20 11:23:55,627 [ERROR] Error en ciclo: [Errno 2] No such file or directory: 'game_logs.csv'
2026-06-20 14:22:04,300 [INFO] Ensamble cargado desde modelos de Kaggle.
2026-06-20 14:22:04,300 [INFO] Iniciando inferencia sobre dataset histórico...
2026-06-20 14:22:04,300 [ERROR] Error en ciclo: [Errno 2] No such file or directory: 'game_logs.csv'
2026-06-20 16:25:53,179 [INFO] Ensamble cargado desde modelos de Kaggle.
2026-06-20 16:25:53,179 [INFO] Iniciando inferencia sobre dataset histórico...
2026-06-20 16:25:53,180 [ERROR] Error en ciclo: [Errno 2] No such file or directory: 'game_logs.csv'
2026-06-20 18:03:49,281 [INFO] Ensamble cargado desde modelos de Kaggle.
2026-06-20 18:03:49,282 [INFO] Iniciando inferencia sobre dataset histórico...
2026-06-20 18:03:49,282 [ERROR] Error en ciclo: [Errno 2] No such file or directory: 'game_logs.csv'
2026-06-20 18:19:46,902 [INFO] Ensamble cargado desde modelos de Kaggle.
2026-06-20 18:19:46,903 [INFO] Iniciando inferencia sobre dataset histórico...
2026-06-20 18:19:46,903 [ERROR] Error en ciclo: [Errno 2] No such file or directory: 'game_logs.csv'
2026-06-20 20:09:44,065 [INFO] Ensamble cargado desde modelos de Kaggle.
2026-06-20 20:09:44,065 [INFO] Iniciando inferencia sobre dataset histórico...
2026-06-20 20:09:44,066 [ERROR] Error en ciclo: [Errno 2] No such file or directory: 'game_logs.csv'
2026-06-20 20:21:32,045 [INFO] Ensamble cargado desde modelos de Kaggle.
2026-06-20 20:21:32,045 [INFO] Iniciando inferencia sobre dataset histórico...
2026-06-20 20:21:32,045 [ERROR] Error en ciclo: [Errno 2] No such file or directory: 'game_logs.csv'
2026-06-20 21:58:24,184 [INFO] Ensamble cargado desde modelos de Kaggle.
2026-06-20 21:58:24,185 [INFO] Iniciando inferencia sobre dataset histórico...
2026-06-20 21:58:24,185 [ERROR] Error en ciclo: [Errno 2] No such file or directory: 'game_logs.csv'
2026-06-20 22:17:30,578 [INFO] Ensamble cargado desde modelos de Kaggle.
2026-06-20 22:17:30,578 [INFO] Iniciando inferencia sobre dataset histórico...
2026-06-20 22:17:30,579 [ERROR] Error en ciclo: [Errno 2] No such file or directory: 'game_logs.csv'
2026-06-20 23:02:16,752 [INFO] Ensamble cargado desde modelos de Kaggle.
2026-06-20 23:02:16,752 [INFO] Iniciando inferencia sobre dataset histórico...
2026-06-20 23:02:16,753 [ERROR] Error en ciclo: [Errno 2] No such file or directory: 'game_logs.csv'
2026-06-21 00:16:49,478 [INFO] Ensamble cargado desde modelos de Kaggle.
2026-06-21 00:16:49,478 [INFO] Iniciando inferencia sobre dataset histórico...
2026-06-21 00:16:49,479 [ERROR] Error en ciclo: [Errno 2] No such file or directory: 'game_logs.csv'
2026-06-21 02:11:41,661 [INFO] Ensamble cargado desde modelos de Kaggle.
2026-06-21 02:11:41,661 [INFO] Iniciando inferencia sobre dataset histórico...
2026-06-21 02:11:41,661 [ERROR] Error en ciclo: [Errno 2] No such file or directory: 'game_logs.csv'
2026-06-21 06:11:20,832 [INFO] Ensamble cargado desde modelos de Kaggle.
2026-06-21 06:11:20,832 [INFO] Iniciando inferencia sobre dataset histórico...
2026-06-21 06:11:20,833 [ERROR] Error en ciclo: [Errno 2] No such file or directory: 'game_logs.csv'
2026-06-21 07:22:15,612 [INFO] Ensamble cargado desde modelos de Kaggle.
2026-06-21 07:22:15,612 [INFO] Iniciando inferencia sobre dataset histórico...
2026-06-21 07:22:15,613 [ERROR] Error en ciclo: [Errno 2] No such file or directory: 'game_logs.csv'
2026-06-21 10:37:20,487 [INFO] Ensamble cargado desde modelos de Kaggle.
2026-06-21 10:37:20,487 [INFO] Iniciando inferencia sobre dataset histórico...
2026-06-21 10:37:20,488 [ERROR] Error en ciclo: [Errno 2] No such file or directory: 'game_logs.csv'
2026-06-21 13:13:57,013 [INFO] Ensamble cargado desde modelos de Kaggle.
2026-06-21 13:13:57,013 [INFO] Iniciando inferencia sobre dataset histórico...
2026-06-21 13:13:57,013 [ERROR] Error en ciclo: [Errno 2] No such file or directory: 'game_logs.csv'
2026-06-21 16:01:07,679 [INFO] Ensamble cargado desde modelos de Kaggle.
2026-06-21 16:01:07,679 [INFO] Iniciando inferencia sobre dataset histórico...
2026-06-21 16:01:07,679 [ERROR] Error en ciclo: [Errno 2] No such file or directory: 'game_logs.csv'
2026-06-21 18:14:45,606 [INFO] Ensamble cargado desde modelos de Kaggle.
2026-06-21 18:14:45,607 [INFO] Iniciando inferencia sobre dataset histórico...
2026-06-21 18:14:45,607 [ERROR] Error en ciclo: [Errno 2] No such file or directory: 'game_logs.csv'
2026-06-21 18:23:45,385 [INFO] Ensamble cargado desde modelos de Kaggle.
2026-06-21 18:23:45,385 [INFO] Iniciando inferencia sobre dataset histórico...
2026-06-21 18:23:45,386 [ERROR] Error en ciclo: [Errno 2] No such file or directory: 'game_logs.csv'
2026-06-21 20:20:16,227 [INFO] Ensamble cargado desde modelos de Kaggle.
2026-06-21 20:20:16,227 [INFO] Iniciando inferencia sobre dataset histórico...
2026-06-21 20:20:16,228 [ERROR] Error en ciclo: [Errno 2] No such file or directory: 'game_logs.csv'
2026-06-21 20:43:23,538 [INFO] Ensamble cargado desde modelos de Kaggle.
2026-06-21 20:43:23,538 [INFO] Iniciando inferencia sobre dataset histórico...
2026-06-21 20:43:23,539 [ERROR] Error en ciclo: [Errno 2] No such file or directory: 'game_logs.csv'
2026-06-21 22:06:38,618 [INFO] Ensamble cargado desde modelos de Kaggle.
2026-06-21 22:06:38,619 [INFO] Iniciando inferencia sobre dataset histórico...
2026-06-21 22:06:38,619 [ERROR] Error en ciclo: [Errno 2] No such file or directory: 'game_logs.csv'
2026-06-21 22:20:20,268 [INFO] Ensamble cargado desde modelos de Kaggle.
2026-06-21 22:20:20,268 [INFO] Iniciando inferencia sobre dataset histórico...
2026-06-21 22:20:20,268 [ERROR] Error en ciclo: [Errno 2] No such file or directory: 'game_logs.csv'
2026-06-22 00:01:38,221 [INFO] Ensamble cargado desde modelos de Kaggle.
2026-06-22 00:01:38,222 [INFO] Iniciando inferencia sobre dataset histórico...
2026-06-22 00:01:38,222 [ERROR] Error en ciclo: [Errno 2] No such file or directory: 'game_logs.csv'
2026-06-22 00:19:00,709 [INFO] Ensamble cargado desde modelos de Kaggle.
2026-06-22 00:19:00,709 [INFO] Iniciando inferencia sobre dataset histórico...
2026-06-22 00:19:00,709 [ERROR] Error en ciclo: [Errno 2] No such file or directory: 'game_logs.csv'
2026-06-22 06:16:32,022 [INFO] Ensamble cargado desde modelos de Kaggle.
2026-06-22 06:16:32,022 [INFO] Iniciando inferencia sobre dataset histórico...
2026-06-22 06:16:32,022 [ERROR] Error en ciclo: [Errno 2] No such file or directory: 'game_logs.csv'
2026-06-22 06:35:30,950 [INFO] Ensamble cargado desde modelos de Kaggle.
2026-06-22 06:35:30,950 [INFO] Iniciando inferencia sobre dataset histórico...
2026-06-22 06:35:30,950 [ERROR] Error en ciclo: [Errno 2] No such file or directory: 'game_logs.csv'
2026-06-22 12:55:24,652 [INFO] Ensamble cargado desde modelos de Kaggle.
2026-06-22 12:55:24,652 [INFO] Iniciando inferencia sobre dataset histórico...
2026-06-22 12:55:24,653 [ERROR] Error en ciclo: [Errno 2] No such file or directory: 'game_logs.csv'
2026-06-22 17:45:30,568 [INFO] Ensamble cargado desde modelos de Kaggle.
2026-06-22 17:45:30,568 [INFO] Iniciando inferencia sobre dataset histórico...
2026-06-22 17:45:30,569 [ERROR] Error en ciclo: [Errno 2] No such file or directory: 'game_logs.csv'
2026-06-22 19:59:29,858 [INFO] Ensamble cargado desde modelos de Kaggle.
2026-06-22 19:59:29,858 [INFO] Iniciando inferencia sobre dataset histórico...
2026-06-22 19:59:29,858 [ERROR] Error en ciclo: [Errno 2] No such file or directory: 'game_logs.csv'
